{"level":"info","message":"authorizing...","service":"user-service"}
{"level":"info","message":"authorizing...","service":"user-service"}
{"level":"info","message":"authorizing...","service":"user-service"}
{"level":"info","message":"authorizing...","service":"user-service"}
{"level":"info","message":"authorizing...","service":"user-service"}
{"level":"info","message":"authorizing...","service":"user-service"}
{"auth_date":"1678524667","first_name":"E","id":"365032236","last_name":"H","level":"info","message":"user validation succeeded: ","service":"user-service","username":"zeeket"}
{"level":"info","message":"jwt callback!!!","service":"user-service"}
{"level":"info","message":"jwt callback!!!","service":"user-service"}
{"level":"info","message":"session callback!!!","service":"user-service"}
{"level":"info","message":"jwt callback!!!","service":"user-service"}
{"level":"info","message":"session callback!!!","service":"user-service"}
{"level":"info","message":"jwt callback!!!","service":"user-service"}
{"level":"info","message":"session callback!!!","service":"user-service"}
{"level":"info","message":"authorizing...","service":"user-service"}
{"auth_date":"1678524743","first_name":"E","id":"365032236","last_name":"H","level":"info","message":"user validation succeeded: ","service":"user-service","username":"zeeket"}
{"level":"info","message":"jwt callback!!!","service":"user-service"}
{"id":"365032236","level":"info","message":"jwt callback token: ","name":"E H","service":"user-service","sub":"365032236"}
{"level":"info","message":"jwt callback!!!","service":"user-service"}
{"exp":1681116746,"iat":1678524746,"id":"365032236","jti":"1e7d2ff6-ab68-4cab-be75-e5960e2dd643","level":"info","message":"jwt callback token: ","name":"E H","service":"user-service","sub":"365032236"}
{"level":"info","message":"session callback!!!","service":"user-service"}
{"level":"info","message":"jwt callback!!!","service":"user-service"}
{"exp":1681116746,"iat":1678524746,"id":"365032236","jti":"1e7d2ff6-ab68-4cab-be75-e5960e2dd643","level":"info","message":"jwt callback token: ","name":"E H","service":"user-service","sub":"365032236"}
{"level":"info","message":"session callback!!!","service":"user-service"}
{"level":"info","message":"jwt callback!!!","service":"user-service"}
{"exp":1681116746,"iat":1678524746,"id":"365032236","jti":"1e7d2ff6-ab68-4cab-be75-e5960e2dd643","level":"info","message":"jwt callback token: ","name":"E H","service":"user-service","sub":"365032236"}
{"level":"info","message":"session callback!!!","service":"user-service"}
{"level":"info","message":"authorizing...","service":"user-service"}
{"auth_date":"1678525878","first_name":"E","id":"365032236","last_name":"H","level":"info","message":"user validation succeeded: ","service":"user-service","username":"zeeket"}
{"level":"info","message":"jwt callback!!!","service":"user-service"}
{"id":"365032236","level":"info","message":"jwt callback token: ","name":"E H","service":"user-service","sub":"365032236"}
{"level":"info","message":"jwt callback!!!","service":"user-service"}
{"exp":1681117878,"iat":1678525878,"id":"365032236","jti":"93fa90a8-8f20-4558-a01f-acb0a4dd78cc","level":"info","message":"jwt callback token: ","name":"E H","service":"user-service","sub":"365032236"}
{"expires":"2023-04-10T09:11:20.351Z","level":"info","message":"session callback!!!","service":"user-service","user":{"name":"E H"}}
{"level":"info","message":"jwt callback!!!","service":"user-service"}
{"exp":1681117878,"iat":1678525878,"id":"365032236","jti":"93fa90a8-8f20-4558-a01f-acb0a4dd78cc","level":"info","message":"jwt callback token: ","name":"E H","service":"user-service","sub":"365032236"}
{"expires":"2023-04-10T09:11:20.394Z","level":"info","message":"session callback!!!","service":"user-service","user":{"name":"E H"}}
{"level":"info","message":"jwt callback!!!","service":"user-service"}
{"exp":1681117878,"iat":1678525878,"id":"365032236","jti":"93fa90a8-8f20-4558-a01f-acb0a4dd78cc","level":"info","message":"jwt callback token: ","name":"E H","service":"user-service","sub":"365032236"}
{"expires":"2023-04-10T09:11:20.417Z","level":"info","message":"session callback!!!","service":"user-service","user":{"name":"E H"}}
{"level":"info","message":"authorizing...","service":"user-service"}
{"auth_date":"1678527120","first_name":"E","id":"365032236","last_name":"H","level":"info","message":"user validation succeeded: ","service":"user-service","username":"zeeket"}
{"level":"info","message":"jwt callback!!!","service":"user-service"}
{"id":"365032236","level":"info","message":"jwt callback token: ","name":"E H","service":"user-service","sub":"365032236","user":{"id":"365032236","name":"E H"}}
{"level":"info","message":"jwt callback!!!","service":"user-service"}
{"exp":1681119120,"iat":1678527120,"id":"365032236","jti":"a9a8329b-abe9-469c-aa05-fcff8214173e","level":"info","message":"jwt callback token: ","name":"E H","service":"user-service","sub":"365032236","user":{"id":"365032236","name":"E H"}}
{"exp":1681119120,"iat":1678527120,"id":"365032236","jti":"a9a8329b-abe9-469c-aa05-fcff8214173e","level":"info","message":"session callback!!! token: ","name":"E H","service":"user-service","sub":"365032236","user":{"id":"365032236","name":"E H"}}
{"level":"info","message":"jwt callback!!!","service":"user-service"}
{"exp":1681119120,"iat":1678527120,"id":"365032236","jti":"a9a8329b-abe9-469c-aa05-fcff8214173e","level":"info","message":"jwt callback token: ","name":"E H","service":"user-service","sub":"365032236","user":{"id":"365032236","name":"E H"}}
{"exp":1681119120,"iat":1678527120,"id":"365032236","jti":"a9a8329b-abe9-469c-aa05-fcff8214173e","level":"info","message":"session callback!!! token: ","name":"E H","service":"user-service","sub":"365032236","user":{"id":"365032236","name":"E H"}}
{"level":"info","message":"jwt callback!!!","service":"user-service"}
{"exp":1681119120,"iat":1678527120,"id":"365032236","jti":"a9a8329b-abe9-469c-aa05-fcff8214173e","level":"info","message":"jwt callback token: ","name":"E H","service":"user-service","sub":"365032236","user":{"id":"365032236","name":"E H"}}
{"exp":1681119120,"iat":1678527120,"id":"365032236","jti":"a9a8329b-abe9-469c-aa05-fcff8214173e","level":"info","message":"session callback!!! token: ","name":"E H","service":"user-service","sub":"365032236","user":{"id":"365032236","name":"E H"}}
{"level":"info","message":"authorizing...","service":"user-service"}
{"auth_date":"1678527481","first_name":"E","id":"365032236","last_name":"H","level":"info","message":"user validation succeeded: ","service":"user-service","username":"zeeket"}
{"level":"info","message":"jwt callback!!!","service":"user-service"}
{"id":"365032236","level":"info","message":"jwt callback token: ","name":"E H","service":"user-service","sub":"365032236","user":{"id":"365032236","name":"E H"}}
{"level":"info","message":"jwt encode callback!!!","service":"user-service"}
{"level":"info","message":"authorizing...","service":"user-service"}
{"auth_date":"1678528437","first_name":"E","id":"365032236","last_name":"H","level":"info","message":"user validation succeeded: ","service":"user-service","username":"zeeket"}
{"level":"info","message":"jwt encode callback!!!","service":"user-service"}
{"level":"info","message":"authorizing...","service":"user-service"}
{"auth_date":"1678528473","first_name":"E","id":"365032236","last_name":"H","level":"info","message":"user validation succeeded: ","service":"user-service","username":"zeeket"}
{"level":"info","message":"authorizing...","service":"user-service"}
{"auth_date":"1678528482","first_name":"E","id":"365032236","last_name":"H","level":"info","message":"user validation succeeded: ","service":"user-service","username":"zeeket"}
{"level":"info","message":"authorizing...","service":"user-service"}
{"auth_date":"1678528800","first_name":"E","id":"365032236","last_name":"H","level":"info","message":"user validation succeeded: ","service":"user-service","username":"zeeket"}
{"level":"info","message":"authorizing...","service":"user-service"}
{"auth_date":"1678529188","first_name":"E","id":"365032236","last_name":"H","level":"info","message":"user validation succeeded: ","service":"user-service","username":"zeeket"}
{"level":"info","message":"authorizing...","service":"user-service"}
{"auth_date":"1678531898","first_name":"E","id":"365032236","last_name":"H","level":"info","message":"user validation succeeded: ","service":"user-service","username":"zeeket"}
{"level":"info","message":"authorizing...","service":"user-service"}
{"auth_date":"1678533017","first_name":"E","id":"365032236","last_name":"H","level":"info","message":"user validation succeeded: ","service":"user-service","username":"zeeket"}
{"level":"info","message":"authorizing...","service":"user-service"}
{"auth_date":"1678533514","first_name":"E","id":"365032236","last_name":"H","level":"info","message":"user validation succeeded: ","service":"user-service","username":"zeeket"}
{"level":"info","message":"authorizing...","service":"user-service"}
{"auth_date":"1678533823","first_name":"E","id":"365032236","last_name":"H","level":"info","message":"user validation succeeded: ","service":"user-service","username":"zeeket"}
{"level":"info","message":"authorizing...","service":"user-service"}
{"auth_date":"1678533835","first_name":"E","id":"365032236","last_name":"H","level":"info","message":"user validation succeeded: ","service":"user-service","username":"zeeket"}
{"level":"info","message":"authorizing...","service":"user-service"}
{"auth_date":"1678537345","first_name":"E","id":"365032236","last_name":"H","level":"info","message":"user validation succeeded: ","service":"user-service","username":"zeeket"}
{"level":"info","message":"authorizing...","service":"user-service"}
{"auth_date":"1678537363","first_name":"E","id":"365032236","last_name":"H","level":"info","message":"user validation succeeded: ","service":"user-service","username":"zeeket"}
{"level":"info","message":"authorizing...","service":"user-service"}
{"auth_date":"1678545585","first_name":"E","id":"365032236","last_name":"H","level":"info","message":"user validation succeeded: ","service":"user-service","username":"zeeket"}
{"level":"info","message":"authorizing...","service":"user-service"}
{"auth_date":"1678545603","first_name":"E","id":"365032236","last_name":"H","level":"info","message":"user validation succeeded: ","service":"user-service","username":"zeeket"}
{"level":"info","message":"authorizing...","service":"user-service"}
{"auth_date":"1678547143","first_name":"E","id":"365032236","last_name":"H","level":"info","message":"user validation succeeded: ","service":"user-service","username":"zeeket"}
{"level":"info","message":"authorizing...","service":"user-service"}
{"auth_date":"1678547166","first_name":"E","id":"365032236","last_name":"H","level":"info","message":"user validation succeeded: ","service":"user-service","username":"zeeket"}
{"level":"info","message":"Start seeding ...","service":"user-service"}
{"level":"info","message":"Created category named root with id: 1","service":"user-service"}
{"level":"info","message":"Seeding finished.","service":"user-service"}
{"level":"info","message":"Start seeding ...","service":"user-service"}
{"level":"info","message":"Created category named root with id: 2","service":"user-service"}
{"level":"info","message":"Seeding finished.","service":"user-service"}
{"level":"info","message":"authorizing...","service":"user-service"}
{"auth_date":"1678565117","first_name":"E","id":"365032236","last_name":"H","level":"info","message":"user validation succeeded: ","service":"user-service","username":"zeeket"}
{"level":"info","message":"authorizing...","service":"user-service"}
{"auth_date":"1678565145","first_name":"E","id":"365032236","last_name":"H","level":"info","message":"user validation succeeded: ","service":"user-service","username":"zeeket"}
{"level":"info","message":"Start seeding ...","service":"user-service"}
{"level":"info","message":"Created category named root with id: 3","service":"user-service"}
{"level":"info","message":"Seeding finished.","service":"user-service"}
{"level":"info","message":"authorizing...","service":"user-service"}
{"auth_date":"1678624562","first_name":"E","id":"365032236","last_name":"H","level":"info","message":"user validation succeeded: ","service":"user-service","username":"zeeket"}
{"level":"info","message":"authorizing...","service":"user-service"}
{"auth_date":"1678624567","first_name":"E","id":"365032236","last_name":"H","level":"info","message":"user validation succeeded: ","service":"user-service","username":"zeeket"}
{"level":"info","message":"authorizing...","service":"user-service"}
{"auth_date":"1678733836","first_name":"E","id":"365032236","last_name":"H","level":"info","message":"user validation succeeded: ","service":"user-service","username":"zeeket"}
{"level":"info","message":"authorizing...","service":"user-service"}
{"auth_date":"1679147631","first_name":"E","id":"365032236","last_name":"H","level":"info","message":"user validation succeeded: ","service":"user-service","username":"zeeket"}
{"level":"info","message":"authorizing...","service":"user-service"}
{"auth_date":"1679147636","first_name":"E","id":"365032236","last_name":"H","level":"info","message":"user validation succeeded: ","service":"user-service","username":"zeeket"}
{"level":"info","message":"authorizing...","service":"user-service"}
{"auth_date":"1679219779","first_name":"E","id":"365032236","last_name":"H","level":"info","message":"user validation succeeded: ","service":"user-service","username":"zeeket"}
{"level":"info","message":"authorizing...","service":"user-service"}
{"auth_date":"1679219783","first_name":"E","id":"365032236","last_name":"H","level":"info","message":"user validation succeeded: ","service":"user-service","username":"zeeket"}
{"level":"info","message":"authorizing...","service":"user-service"}
{"auth_date":"1679515811","first_name":"E","id":"365032236","last_name":"H","level":"info","message":"user validation succeeded: ","service":"user-service","username":"zeeket"}
{"level":"info","message":"authorizing...","service":"user-service"}
{"auth_date":"1679515813","first_name":"E","id":"365032236","last_name":"H","level":"info","message":"user validation succeeded: ","service":"user-service","username":"zeeket"}
{"level":"info","message":"authorizing...","service":"user-service"}
{"auth_date":"1679851071","first_name":"E","id":"365032236","last_name":"H","level":"info","message":"user validation succeeded: ","service":"user-service","username":"zeeket"}
{"level":"info","message":"authorizing...","service":"user-service"}
{"auth_date":"1679851079","first_name":"E","id":"365032236","last_name":"H","level":"info","message":"user validation succeeded: ","service":"user-service","username":"zeeket"}
{"level":"info","message":"authorizing...","service":"user-service"}
{"auth_date":"1681127668","first_name":"E","id":"365032236","last_name":"H","level":"info","message":"user validation succeeded: ","service":"user-service","username":"zeeket"}
{"level":"info","message":"authorizing...","service":"user-service"}
{"auth_date":"1681127670","first_name":"E","id":"365032236","last_name":"H","level":"info","message":"user validation succeeded: ","service":"user-service","username":"zeeket"}
{"level":"info","message":"authorizing...","service":"user-service"}
{"auth_date":"1681127954","first_name":"E","id":"365032236","last_name":"H","level":"info","message":"user validation succeeded: ","service":"user-service","username":"zeeket"}
{"level":"info","message":"authorizing...","service":"user-service"}
{"auth_date":"1681127956","first_name":"E","id":"365032236","last_name":"H","level":"info","message":"user validation succeeded: ","service":"user-service","username":"zeeket"}
{"level":"info","message":"authorizing...","service":"user-service"}
{"auth_date":"1681128269","first_name":"Jenna","id":"6237097294","level":"info","message":"user validation succeeded: ","service":"user-service"}
{"level":"info","message":"authorizing...","service":"user-service"}
{"auth_date":"1681838057","first_name":"E","id":"365032236","last_name":"H","level":"info","message":"user validation succeeded: ","service":"user-service","username":"zeeket"}
{"level":"info","message":"authorizing...","service":"user-service"}
{"auth_date":"1681838060","first_name":"E","id":"365032236","last_name":"H","level":"info","message":"user validation succeeded: ","service":"user-service","username":"zeeket"}
{"level":"info","message":"authorizing...","service":"user-service"}
{"auth_date":"1681838564","first_name":"E","id":"365032236","last_name":"H","level":"info","message":"user validation succeeded: ","service":"user-service","username":"zeeket"}
{"level":"info","message":"authorizing...","service":"user-service"}
{"auth_date":"1681838567","first_name":"E","id":"365032236","last_name":"H","level":"info","message":"user validation succeeded: ","service":"user-service","username":"zeeket"}
{"level":"info","message":"authorizing...","service":"user-service"}
{"auth_date":"1681911435","first_name":"E","id":"365032236","last_name":"H","level":"info","message":"user validation succeeded: ","service":"user-service","username":"zeeket"}
{"level":"info","message":"authorizing...","service":"user-service"}
{"auth_date":"1681926713","first_name":"E","id":"365032236","last_name":"H","level":"info","message":"user validation succeeded: ","service":"user-service","username":"zeeket"}
{"level":"info","message":"authorizing...","service":"user-service"}
{"auth_date":"1681927023","first_name":"E","id":"365032236","last_name":"H","level":"info","message":"user validation succeeded: ","service":"user-service","username":"zeeket"}
{"level":"info","message":"authorizing...","service":"user-service"}
{"auth_date":"1681927147","first_name":"E","id":"365032236","last_name":"H","level":"info","message":"user validation succeeded: ","service":"user-service","username":"zeeket"}
{"level":"info","message":"authorizing...","service":"user-service"}
{"auth_date":"1681928932","first_name":"E","id":"365032236","last_name":"H","level":"info","message":"user validation succeeded: ","service":"user-service","username":"zeeket"}
{"level":"info","message":"authorizing...","service":"user-service"}
{"auth_date":"1681928946","first_name":"E","id":"365032236","last_name":"H","level":"info","message":"user validation succeeded: ","service":"user-service","username":"zeeket"}
{"level":"info","message":"authorizing...","service":"user-service"}
{"auth_date":"1681929542","first_name":"E","id":"365032236","last_name":"H","level":"info","message":"user validation succeeded: ","service":"user-service","username":"zeeket"}
{"level":"info","message":"authorizing...","service":"user-service"}
{"auth_date":"1682093756","first_name":"E","id":"365032236","last_name":"H","level":"info","message":"user validation succeeded: ","service":"user-service","username":"zeeket"}
{"level":"info","message":"authorizing...","service":"user-service"}
{"auth_date":"1682093766","first_name":"E","id":"365032236","last_name":"H","level":"info","message":"user validation succeeded: ","service":"user-service","username":"zeeket"}
{"level":"info","message":"authorizing...","service":"user-service"}
{"auth_date":"1682094050","first_name":"E","id":"365032236","last_name":"H","level":"info","message":"user validation succeeded: ","service":"user-service","username":"zeeket"}
{"level":"info","message":"authorizing...","service":"user-service"}
{"auth_date":"1682094486","first_name":"E","id":"365032236","last_name":"H","level":"info","message":"user validation succeeded: ","service":"user-service","username":"zeeket"}
{"level":"info","message":"authorizing...","service":"user-service"}
{"auth_date":"1682094496","first_name":"E","id":"365032236","last_name":"H","level":"info","message":"user validation succeeded: ","service":"user-service","username":"zeeket"}
{"level":"info","message":"authorizing...","service":"user-service"}
{"auth_date":"1682094659","first_name":"E","id":"365032236","last_name":"H","level":"info","message":"user validation succeeded: ","service":"user-service","username":"zeeket"}
{"level":"info","message":"authorizing...","service":"user-service"}
{"auth_date":"1682095621","first_name":"E","id":"365032236","last_name":"H","level":"info","message":"user validation succeeded: ","service":"user-service","username":"zeeket"}
{"level":"info","message":"authorizing...","service":"user-service"}
{"auth_date":"1682095644","first_name":"E","id":"365032236","last_name":"H","level":"info","message":"user validation succeeded: ","service":"user-service","username":"zeeket"}
{"level":"info","message":"authorizing...","service":"user-service"}
{"auth_date":"1682095705","first_name":"E","id":"365032236","last_name":"H","level":"info","message":"user validation succeeded: ","service":"user-service","username":"zeeket"}
{"level":"info","message":"authorizing...","service":"user-service"}
{"auth_date":"1682101735","first_name":"E","id":"365032236","last_name":"H","level":"info","message":"user validation succeeded: ","service":"user-service","username":"zeeket"}
{"level":"info","message":"now checking id with bot: ","service":"user-service"}
{"level":"info","message":"authorizing...","service":"user-service"}
{"auth_date":"1682101863","first_name":"E","id":"365032236","last_name":"H","level":"info","message":"user validation succeeded: ","service":"user-service","username":"zeeket"}
{"level":"info","message":"now checking id with bot: ","service":"user-service"}
{"level":"info","message":"authorizing...","service":"user-service"}
{"auth_date":"1682102351","first_name":"E","id":"365032236","last_name":"H","level":"info","message":"user validation succeeded: ","service":"user-service","username":"zeeket"}
{"level":"info","message":"now checking id with bot: ","service":"user-service"}
{"level":"info","message":"authorizing...","service":"user-service"}
{"auth_date":"1682102807","first_name":"E","id":"365032236","last_name":"H","level":"info","message":"user validation succeeded: ","service":"user-service","username":"zeeket"}
{"level":"info","message":"now checking id with bot: ","service":"user-service"}
{"level":"info","message":"authorizing...","service":"user-service"}
{"auth_date":"1682103006","first_name":"E","id":"365032236","last_name":"H","level":"info","message":"user validation succeeded: ","service":"user-service","username":"zeeket"}
{"level":"info","message":"now checking id with bot: ","service":"user-service"}
{"level":"info","message":"authorizing...","service":"user-service"}
{"auth_date":"1682103306","first_name":"E","id":"365032236","last_name":"H","level":"info","message":"user validation succeeded: ","service":"user-service","username":"zeeket"}
{"level":"info","message":"now checking id with bot: ","service":"user-service"}
{"level":"info","message":"authorizing...","service":"user-service"}
{"auth_date":"1682103322","first_name":"E","id":"365032236","last_name":"H","level":"info","message":"user validation succeeded: ","service":"user-service","username":"zeeket"}
{"level":"info","message":"now checking id with bot: ","service":"user-service"}
{"level":"info","message":"role: admin","service":"user-service"}
{"level":"info","message":"role: admin","service":"user-service"}
{"level":"info","message":"role: admin","service":"user-service"}
{"level":"info","message":"role: admin","service":"user-service"}
{"level":"info","message":"role: admin","service":"user-service"}
{"level":"info","message":"role: admin","service":"user-service"}
{"level":"info","message":"role: admin","service":"user-service"}
{"level":"info","message":"role: admin","service":"user-service"}
{"level":"info","message":"role: admin","service":"user-service"}
{"level":"info","message":"role: admin","service":"user-service"}
{"level":"info","message":"role: admin","service":"user-service"}
{"level":"info","message":"userId: 365032236","service":"user-service"}
{"level":"info","message":"role: admin","service":"user-service"}
{"level":"info","message":"userId: 365032236","service":"user-service"}
{"level":"info","message":"role: admin","service":"user-service"}
{"level":"info","message":"userId: 365032236","service":"user-service"}
{"level":"info","message":"role: admin","service":"user-service"}
{"level":"info","message":"userId: 365032236","service":"user-service"}
{"level":"info","message":"role: admin","service":"user-service"}
{"level":"info","message":"userId: 365032236","service":"user-service"}
{"level":"info","message":"role: admin","service":"user-service"}
{"level":"info","message":"userId: 365032236","service":"user-service"}
{"level":"info","message":"role: admin","service":"user-service"}
{"level":"info","message":"userId: 365032236","service":"user-service"}
{"level":"info","message":"role: admin","service":"user-service"}
{"level":"info","message":"userId: 365032236","service":"user-service"}
{"level":"info","message":"role: admin","service":"user-service"}
{"level":"info","message":"userId: 365032236","service":"user-service"}
{"level":"info","message":"role: admin","service":"user-service"}
{"level":"info","message":"userId: 365032236","service":"user-service"}
{"level":"info","message":"role: admin","service":"user-service"}
{"level":"info","message":"userId: 365032236","service":"user-service"}
{"level":"info","message":"role: admin","service":"user-service"}
{"level":"info","message":"userId: 365032236","service":"user-service"}
{"level":"info","message":"role: admin","service":"user-service"}
{"level":"info","message":"userId: 365032236","service":"user-service"}
{"level":"info","message":"role: admin","service":"user-service"}
{"level":"info","message":"userId: 365032236","service":"user-service"}
{"level":"info","message":"role: admin","service":"user-service"}
{"level":"info","message":"userId: 365032236","service":"user-service"}
{"level":"info","message":"role: admin","service":"user-service"}
{"level":"info","message":"userId: 365032236","service":"user-service"}
{"level":"info","message":"role: admin","service":"user-service"}
{"level":"info","message":"userId: 365032236","service":"user-service"}
{"level":"info","message":"role: admin","service":"user-service"}
{"level":"info","message":"userId: 365032236","service":"user-service"}
{"level":"info","message":"role: admin","service":"user-service"}
{"level":"info","message":"userId: 365032236","service":"user-service"}
{"level":"info","message":"role: admin","service":"user-service"}
{"level":"info","message":"userId: 365032236","service":"user-service"}
{"level":"info","message":"role: admin","service":"user-service"}
{"level":"info","message":"userId: 365032236","service":"user-service"}
{"level":"info","message":"role: admin","service":"user-service"}
{"level":"info","message":"userId: 365032236","service":"user-service"}
{"level":"info","message":"role: admin","service":"user-service"}
{"level":"info","message":"userId: 365032236","service":"user-service"}
{"level":"info","message":"role: admin","service":"user-service"}
{"level":"info","message":"userId: 365032236","service":"user-service"}
{"level":"info","message":"role: admin","service":"user-service"}
{"level":"info","message":"userId: 365032236","service":"user-service"}
{"level":"info","message":"role: admin","service":"user-service"}
{"level":"info","message":"userId: 365032236","service":"user-service"}
{"level":"info","message":"role: admin","service":"user-service"}
{"level":"info","message":"userId: 365032236","service":"user-service"}
{"level":"info","message":"role: admin","service":"user-service"}
{"level":"info","message":"userId: 365032236","service":"user-service"}
{"level":"info","message":"role: admin","service":"user-service"}
{"level":"info","message":"userId: 365032236","service":"user-service"}
{"level":"info","message":"role: admin","service":"user-service"}
{"level":"info","message":"userId: 365032236","service":"user-service"}
{"level":"info","message":"role: admin","service":"user-service"}
{"level":"info","message":"userId: 365032236","service":"user-service"}
{"level":"info","message":"role: admin","service":"user-service"}
{"level":"info","message":"userId: 365032236","service":"user-service"}
{"level":"info","message":"role: admin","service":"user-service"}
{"level":"info","message":"userId: 365032236","service":"user-service"}
{"level":"info","message":"role: admin","service":"user-service"}
{"level":"info","message":"userId: 365032236","service":"user-service"}
{"level":"info","message":"role: admin","service":"user-service"}
{"level":"info","message":"userId: 365032236","service":"user-service"}
